<?xml version="1.0" encoding="UTF-8"?>
<testng-results ignored="0" total="1" passed="1" failed="0" skipped="0">
  <reporter-output>
  </reporter-output>
  <suite started-at="2025-01-24T17:32:47 IST" name="Default suite" finished-at="2025-01-24T17:33:10 IST" duration-ms="23283">
    <groups>
    </groups>
    <test started-at="2025-01-24T17:32:47 IST" name="Default test" finished-at="2025-01-24T17:33:10 IST" duration-ms="23283">
      <class name="SelniumUdemyFrameWorkPract2.MyExtentReports">
        <test-method is-config="true" signature="config()[pri:0, instance:SelniumUdemyFrameWorkPract2.MyExtentReports@f5acb9d]" started-at="2025-01-24T17:32:47 IST" name="config" finished-at="2025-01-24T17:32:47 IST" duration-ms="702" status="PASS">
          <reporter-output>
          </reporter-output>
        </test-method> <!-- config -->
        <test-method signature="extentReports()[pri:0, instance:SelniumUdemyFrameWorkPract2.MyExtentReports@f5acb9d]" started-at="2025-01-24T17:32:48 IST" name="extentReports" finished-at="2025-01-24T17:33:10 IST" duration-ms="22401" status="PASS">
          <reporter-output>
          </reporter-output>
        </test-method> <!-- extentReports -->
      </class> <!-- SelniumUdemyFrameWorkPract2.MyExtentReports -->
    </test> <!-- Default test -->
  </suite> <!-- Default suite -->
</testng-results>
