<?xml version="1.0" encoding="UTF-8"?>
<!-- Generated by org.testng.reporters.JUnitXMLReporter -->
<testsuite ignored="1" hostname="L-158017242" failures="0" tests="3" name="Car Loan" time="0.011" errors="0" timestamp="2024-08-16T00:42:45 IST">
  <testcase classname="TestNG.day3" name="APICarLoanLogin" time="0.001"/>
  <testcase classname="TestNG.day3" name="WebcarLoanLogin" time="0.0"/>
  <testcase classname="TestNG.day2x" name="ploan" time="0.001"/>
  <testcase classname="TestNG.day3" name="MobileCarloanLogin" time="0.0">
    <ignored/>
  </testcase> <!-- MobileCarloanLogin -->
</testsuite> <!-- Car Loan -->
