<?xml version="1.0" encoding="UTF-8"?>
<!-- Generated by org.testng.reporters.JUnitXMLReporter -->
<testsuite ignored="2" hostname="L-158017242" failures="0" tests="4" name="Home loan" time="0.013" errors="0" timestamp="2024-08-16T00:42:45 IST">
  <testcase classname="TestNG.day4" name="MobileHomeloanLogin" time="0.002"/>
  <testcase classname="TestNG.day4" name="MobileHomeloanProcess" time="0.002"/>
  <testcase classname="TestNG.day4" name="MobileHomeloanSignIn" time="0.001"/>
  <testcase classname="TestNG.day4" name="MobileHomeloanSignOut" time="0.001"/>
  <testcase classname="TestNG.day4" name="APIHomeLoanLogin" time="0.0">
    <ignored/>
  </testcase> <!-- APIHomeLoanLogin -->
  <testcase classname="TestNG.day4" name="WebHomeLoanLogin" time="0.0">
    <ignored/>
  </testcase> <!-- WebHomeLoanLogin -->
</testsuite> <!-- Home loan -->
