<?xml version="1.0" encoding="UTF-8"?>
<!-- Generated by org.testng.reporters.JUnitXMLReporter -->
<testsuite ignored="0" hostname="L-158017242" failures="0" tests="14" name="regression" time="0.079" errors="0" timestamp="2024-08-21T16:55:51 IST">
  <testcase classname="TestNG.day1" name="demo" time="0.008"/>
  <testcase classname="TestNG.day1" name="secondTest" time="0.001"/>
  <testcase classname="TestNG.day2x" name="ploan" time="0.001"/>
  <testcase classname="TestNG.day2x" name="ploan" time="0.0"/>
  <testcase classname="TestNG.day2x" name="ploan" time="0.001"/>
  <testcase classname="TestNG.day3" name="APICarLoanLogin" time="0.0"/>
  <testcase classname="TestNG.day3" name="MobileCarloanLogin" time="0.0"/>
  <testcase classname="TestNG.day3" name="WebcarLoanLogin" time="0.001"/>
  <testcase classname="TestNG.day4" name="APIHomeLoanLogin" time="0.002"/>
  <testcase classname="TestNG.day4" name="MobileHomeloanLogin" time="0.0"/>
  <testcase classname="TestNG.day4" name="MobileHomeloanProcess" time="0.001"/>
  <testcase classname="TestNG.day4" name="MobileHomeloanSignIn" time="0.001"/>
  <testcase classname="TestNG.day4" name="MobileHomeloanSignOut" time="0.001"/>
  <testcase classname="TestNG.day4" name="WebHomeLoanLogin" time="0.001"/>
</testsuite> <!-- regression -->
